


Done! Email sent!

Done! Email sent!


Done! Email sent!







Done! Email sent!





Done! Email sent!






Done! Email sent!

Done! Email sent!




Done! Email sent!

Done! Email sent!

Done! Email sent!

These hotspots have not been birded on this date:
Last        Week     Hotspot                                           
------------------------------------------------------------------------
2022-09-28           Confluence River Park                             
2022-09-27           Turntable Park                                    
2022-08-22           Main Street Middle School (Restricted Access)     
2022-08-23  No data  Harrison Preserve                                 
2022-09-27           Vermont State House                               
2022-08-31  No data  Summer Street Park                                
2022-08-23  No data  St. Augustine Cemetery                            
2022-09-27           Cross Vermont Trail--Old Country Club Road        
2022-09-28           Gateway Park / Peace Park                         
2022-09-23  No data  Dog River Field                                   
2022-09-27           North Branch River Park                           

Was Berlin Pond birded this week, this year: No.

Done! Email sent!

These hotspots have not been birded on this date:
Last        Week     Hotspot                                           
------------------------------------------------------------------------
2022-09-27           Blanchard Park                                    
2022-09-28           Confluence River Park                             
2022-09-28           Turntable Park                                    
2022-09-28           Harrison Preserve                                 
2022-09-27           Vermont State House                               
2022-08-31  No data  Summer Street Park                                
2022-09-28           St. Augustine Cemetery                            
2022-09-23           Hubbard Park                                      
2022-09-26           Mill Pond Park                                    
2022-09-27           Sabin's Pasture                                   
2022-09-27           Cross Vermont Trail--Old Country Club Road        
2022-09-28           Gateway Park / Peace Park                         
2022-09-23  No data  Dog River Field                                   
2022-09-27           North Branch River Park                           

Was Berlin Pond birded this week, this year: No.

Done! Email sent!

These hotspots have not been birded on this date:
Last        Week     Hotspot                                           
------------------------------------------------------------------------
2022-09-29           Blanchard Park                                    
2022-09-28           Confluence River Park                             
2022-09-28           Turntable Park                                    
2022-08-22           Main Street Middle School (Restricted Access)     
2022-09-28           Harrison Preserve                                 
2022-09-29           Summer Street Park                                
2022-09-28           St. Augustine Cemetery                            
2022-09-28           Hubbard Park                                      
2022-09-27           Sabin's Pasture                                   
2022-09-27           Cross Vermont Trail--Old Country Club Road        
2022-09-28           Gateway Park / Peace Park                         
2022-09-23  No data  Dog River Field                                   
2022-09-27           North Branch River Park                           

Was Berlin Pond birded this week, this year: No.

Done! Email sent!

These hotspots have not been birded on this date:
Last        Week     Hotspot                                           
------------------------------------------------------------------------
2022-09-28  No data  Confluence River Park                             
2022-09-28  No data  Turntable Park                                    
2022-08-22  No data  Main Street Middle School (Restricted Access)     
2022-09-28  No data  Harrison Preserve                                 
2022-09-27  No data  Vermont State House                               
2022-09-29  No data  Summer Street Park                                
2022-09-28           St. Augustine Cemetery                            
2022-09-30           Mill Pond Park                                    
2022-09-30           Cross Vermont Trail--Old Country Club Road        
2022-09-28  No data  Gateway Park / Peace Park                         
2022-09-23  No data  Dog River Field                                   

Was Berlin Pond birded this week, this year: No.

Done! Email sent!

These hotspots have not been birded on this date:
Last        Week     Hotspot                                           
------------------------------------------------------------------------
2022-09-28  No data  Confluence River Park                             
2022-09-28  No data  Turntable Park                                    
2022-08-22  No data  Main Street Middle School (Restricted Access)     
2022-09-28  No data  Harrison Preserve                                 
2022-09-27  No data  Vermont State House                               
2022-09-29  No data  Summer Street Park                                
2022-09-28           St. Augustine Cemetery                            
2022-09-30           Hubbard Park                                      
2022-09-30           Mill Pond Park                                    
2022-09-27  No data  Sabin's Pasture                                   
2022-09-30           Cross Vermont Trail--Old Country Club Road        
2022-09-28  No data  Gateway Park / Peace Park                         
2022-09-23  No data  Dog River Field                                   
2022-10-01           North Branch River Park                           

Was Berlin Pond birded this week, this year: Yes.

Done! Email sent!

These hotspots have not been birded on this date:
Last        Week     Hotspot                                           
------------------------------------------------------------------------


These hotspots have not been birded on this date:
Last        Week     Hotspot                                           
------------------------------------------------------------------------
2022-09-28  No data  Confluence River Park                             
2022-10-03           Turntable Park                                    
2022-10-03           Main Street Middle School (Restricted Access)     
2022-10-03           Harrison Preserve                                 
2022-09-27  No data  Vermont State House                               
2022-09-29  No data  Summer Street Park                                
2022-09-30           Hubbard Park                                      
2022-09-27  No data  Sabin's Pasture                                   
2022-10-02           Gateway Park / Peace Park                         
2022-09-23  No data  Dog River Field                                   
2022-10-03           North Branch River Park                           

Was Berlin Pond birded this week, this year: Yes.

Done! Email sent!

These hotspots have not been birded on this date:
Last        Week     Hotspot                                           
------------------------------------------------------------------------


These hotspots have not been birded on this date:
Last        Week     Hotspot                                           
------------------------------------------------------------------------
2022-10-04           Confluence River Park                             
2022-10-03           Turntable Park                                    
2022-10-03           Main Street Middle School (Restricted Access)     
2022-10-03           Harrison Preserve                                 
2022-09-27  No data  Vermont State House                               
2022-09-29  No data  Summer Street Park                                
2022-10-04           St. Augustine Cemetery                            
2022-10-03           Sabin's Pasture                                   
2022-10-03           Cross Vermont Trail--Old Country Club Road        
2022-10-02           Gateway Park / Peace Park                         
2022-09-23  No data  Dog River Field                                   
2022-10-03           North Branch River Park                           

Was Berlin Pond birded this week, this year: Yes.

Done! Email sent!

These hotspots have not been birded on this date:
Last        Week     Hotspot                                           
------------------------------------------------------------------------
2022-10-04           Confluence River Park                             
2022-10-03           Turntable Park                                    
2022-10-03           Main Street Middle School (Restricted Access)     
2022-10-03           Harrison Preserve                                 
2022-10-05           Vermont State House                               
2022-10-05           Summer Street Park                                
2022-10-04           St. Augustine Cemetery                            
2022-10-05           Mill Pond Park                                    
2022-10-03           Sabin's Pasture                                   
2022-10-03           Cross Vermont Trail--Old Country Club Road        
2022-10-02           Gateway Park / Peace Park                         
2022-09-23  No data  Dog River Field                                   

Was Berlin Pond birded this week, this year: Yes.

Done! Email sent!

These hotspots have not been birded on this date:
Last        Week     Hotspot                                           
------------------------------------------------------------------------
2022-10-04           Confluence River Park                             
2022-10-03           Turntable Park                                    
2022-10-03           Main Street Middle School (Restricted Access)     
2022-10-03           Harrison Preserve                                 
2022-10-05           Vermont State House                               
2022-10-05           Summer Street Park                                
2022-10-04           St. Augustine Cemetery                            
2022-10-04           Hubbard Park                                      
2022-10-03           Sabin's Pasture                                   
2022-10-03           Cross Vermont Trail--Old Country Club Road        
2022-10-02           Gateway Park / Peace Park                         
2022-09-23  No data  Dog River Field                                   

Was Berlin Pond birded this week, this year: Yes.

Done! Email sent!

These hotspots have not been birded on this date:
Last        Week     Hotspot                                           
------------------------------------------------------------------------
2022-10-04  No data  Confluence River Park                             
2022-10-03  No data  Turntable Park                                    
2022-10-03  No data  Main Street Middle School (Restricted Access)     
2022-10-03  No data  Harrison Preserve                                 
2022-10-05  No data  Vermont State House                               
2022-10-05  No data  Summer Street Park                                
2022-10-04  No data  St. Augustine Cemetery                            
2022-10-03           Sabin's Pasture                                   
2022-10-07  No data  Cross Vermont Trail--Old Country Club Road        
2022-10-02  No data  Gateway Park / Peace Park                         
2022-09-23  No data  Dog River Field                                   
2022-10-03  No data  North Branch River Park                           

Was Berlin Pond birded this week, this year: No.

Done! Email sent!

These hotspots have not been birded on this date:
Last        Week     Hotspot                                           
------------------------------------------------------------------------
2022-10-04  No data  Confluence River Park                             
2022-10-03  No data  Turntable Park                                    
2022-10-03  No data  Main Street Middle School (Restricted Access)     
2022-10-03  No data  Harrison Preserve                                 
2022-10-05  No data  Vermont State House                               
2022-10-05  No data  Summer Street Park                                
2022-10-04  No data  St. Augustine Cemetery                            
2022-10-06           Hubbard Park                                      
2022-10-05           Mill Pond Park                                    
2022-10-03           Sabin's Pasture                                   
2022-10-07  No data  Cross Vermont Trail--Old Country Club Road        
2022-10-02  No data  Gateway Park / Peace Park                         
2022-09-23  No data  Dog River Field                                   
2022-10-03  No data  North Branch River Park                           

Was Berlin Pond birded this week, this year: No.

Done! Email sent!

These hotspots have not been birded on this date:
Last        Week     Hotspot                                           
------------------------------------------------------------------------


These hotspots have not been birded on this date:
Last        Week     Hotspot                                           
------------------------------------------------------------------------
2022-10-04  No data  Confluence River Park                             
2022-10-03  No data  Turntable Park                                    
2022-10-03  No data  Main Street Middle School (Restricted Access)     
2022-10-03  No data  Harrison Preserve                                 
2022-10-05  No data  Vermont State House                               
2022-10-05  No data  Summer Street Park                                
2022-10-04  No data  St. Augustine Cemetery                            
2022-10-07  No data  Cross Vermont Trail--Old Country Club Road        
2022-10-09           Gateway Park / Peace Park                         
2022-09-23  No data  Dog River Field                                   
2022-10-10           North Branch River Park                           

Was Berlin Pond birded this week, this year: Yes.

Done! Email sent!

These hotspots have not been birded on this date:
Last        Week     Hotspot                                           
------------------------------------------------------------------------
2022-10-09           Blanchard Park                                    
2022-10-04  No data  Confluence River Park                             
2022-10-12           Turntable Park                                    
2022-10-03  No data  Main Street Middle School (Restricted Access)     
2022-10-03  No data  Harrison Preserve                                 
2022-10-05  No data  Vermont State House                               
2022-10-05  No data  Summer Street Park                                
2022-10-04  No data  St. Augustine Cemetery                            
2022-10-08           Mill Pond Park                                    
2022-10-03           Sabin's Pasture                                   
2022-10-07  No data  Cross Vermont Trail--Old Country Club Road        
2022-10-09           Gateway Park / Peace Park                         
2022-09-23  No data  Dog River Field                                   
2022-10-10           North Branch River Park                           

Was Berlin Pond birded this week, this year: Yes.

Done! Email sent!

These hotspots have not been birded on this date:
Last        Week     Hotspot                                           
------------------------------------------------------------------------
2022-10-04  No data  Confluence River Park                             
2022-10-12           Turntable Park                                    
2022-10-13           Main Street Middle School (Restricted Access)     
2022-10-03  No data  Harrison Preserve                                 
2022-10-05  No data  Vermont State House                               
2022-10-13           Summer Street Park                                
2022-10-13           St. Augustine Cemetery                            
2022-10-13           Hubbard Park                                      
2022-10-03           Sabin's Pasture                                   
2022-10-07  No data  Cross Vermont Trail--Old Country Club Road        
2022-10-09           Gateway Park / Peace Park                         
2022-09-23  No data  Dog River Field                                   
2022-10-10           North Branch River Park                           

Was Berlin Pond birded this week, this year: Yes.

Done! Email sent!

These hotspots have not been birded on this date:
Last        Week     Hotspot                                           
------------------------------------------------------------------------
2022-10-04  No data  Confluence River Park                             
2022-10-12           Turntable Park                                    
2022-10-13           Main Street Middle School (Restricted Access)     
2022-10-03  No data  Harrison Preserve                                 
2022-10-05  No data  Vermont State House                               
2022-10-13           Summer Street Park                                
2022-10-13           St. Augustine Cemetery                            
2022-10-13           Hubbard Park                                      
2022-10-03           Sabin's Pasture                                   
2022-10-07  No data  Cross Vermont Trail--Old Country Club Road        
2022-10-09           Gateway Park / Peace Park                         
2022-09-23  No data  Dog River Field                                   
2022-10-10           North Branch River Park                           

Was Berlin Pond birded this week, this year: Yes.

Done! Email sent!

These hotspots have not been birded on this date:
Last        Week     Hotspot                                           
------------------------------------------------------------------------
2022-10-15           Blanchard Park                                    
2022-10-14  No data  Confluence River Park                             
2022-10-12  No data  Turntable Park                                    
2022-10-13  No data  Main Street Middle School (Restricted Access)     
2022-10-03  No data  Harrison Preserve                                 
2022-10-05           Vermont State House                               
2022-10-15  No data  Summer Street Park                                
2022-10-13  No data  St. Augustine Cemetery                            
2022-10-14           Hubbard Park                                      
2022-10-13           Mill Pond Park                                    
2022-10-03  No data  Sabin's Pasture                                   
2022-10-07  No data  Cross Vermont Trail--Old Country Club Road        
2022-10-09  No data  Gateway Park / Peace Park                         
2022-10-14  No data  Dog River Field                                   
2022-10-10  No data  North Branch River Park                           
2022-10-15           North Branch Nature Center                        

Was Berlin Pond birded this week, this year: No.

Done! Email sent!

These hotspots have not been birded on this date:
Last        Week     Hotspot                                           
------------------------------------------------------------------------


These hotspots have not been birded on this date:
Last        Week     Hotspot                                           
------------------------------------------------------------------------
2022-10-16           Blanchard Park                                    
2022-10-16           Confluence River Park                             
2022-10-16           Turntable Park                                    
2022-10-16           Main Street Middle School (Restricted Access)     
2022-10-16           Harrison Preserve                                 
2022-10-16           Vermont State House                               
2022-10-16           Summer Street Park                                
2022-10-16           St. Augustine Cemetery                            
2022-10-16           Hubbard Park                                      
2022-10-16           Mill Pond Park                                    
2022-10-03  No data  Sabin's Pasture                                   
2022-10-07  No data  Cross Vermont Trail--Old Country Club Road        
2022-10-09  No data  Gateway Park / Peace Park                         
2022-10-14  No data  Dog River Field                                   
2022-10-17           North Branch River Park                           
2022-10-17           North Branch Nature Center                        

Was Berlin Pond birded this week, this year: No.

Done! Email sent!

These hotspots have not been birded on this date:
Last        Week     Hotspot                                           
------------------------------------------------------------------------
2022-10-16           Blanchard Park                                     https://ebird.org/hotspot/L11103389
2022-10-16           Confluence River Park                              https://ebird.org/hotspot/L17342022
2022-10-16           Turntable Park                                     https://ebird.org/hotspot/L15201552
2022-10-16           Main Street Middle School (Restricted Access)      https://ebird.org/hotspot/L7487086
2022-10-16           Harrison Preserve                                  https://ebird.org/hotspot/L20572533
2022-10-16           Vermont State House                                https://ebird.org/hotspot/L8334934
2022-10-16           Summer Street Park                                 https://ebird.org/hotspot/L14912629
2022-10-16           St. Augustine Cemetery                             https://ebird.org/hotspot/L8421518
2022-10-16           Hubbard Park                                       https://ebird.org/hotspot/L165280
2022-10-16           Mill Pond Park                                     https://ebird.org/hotspot/L11612941
2022-10-03  No data  Sabin's Pasture                                    https://ebird.org/hotspot/L10127351
2022-10-07  No data  Cross Vermont Trail--Old Country Club Road         https://ebird.org/hotspot/L11796425
2022-10-09  No data  Gateway Park / Peace Park                          https://ebird.org/hotspot/L13133138
2022-10-14  No data  Dog River Field                                    https://ebird.org/hotspot/L4250472
2022-10-17           North Branch River Park                            https://ebird.org/hotspot/L7741672
2022-10-17           North Branch Nature Center                         https://ebird.org/hotspot/L166319

Was Berlin Pond birded this week, this year: No.

Done! Email sent!

These hotspots have not been birded on this date:
Last        Week     Hotspot                                           
------------------------------------------------------------------------
2022-10-16           Blanchard Park                                     https://ebird.org/hotspot/L11103389 
2022-10-16           Confluence River Park                              https://ebird.org/hotspot/L17342022 
2022-10-16           Turntable Park                                     https://ebird.org/hotspot/L15201552 
2022-10-16           Main Street Middle School (Restricted Access)      https://ebird.org/hotspot/L7487086 
2022-10-16           Harrison Preserve                                  https://ebird.org/hotspot/L20572533 
2022-10-16           Vermont State House                                https://ebird.org/hotspot/L8334934 
2022-10-18           Summer Street Park                                 https://ebird.org/hotspot/L14912629 
2022-10-16           St. Augustine Cemetery                             https://ebird.org/hotspot/L8421518 
2022-10-17           Hubbard Park                                       https://ebird.org/hotspot/L165280 
2022-10-16           Mill Pond Park                                     https://ebird.org/hotspot/L11612941 
2022-10-19           Sabin's Pasture                                    https://ebird.org/hotspot/L10127351 
2022-10-19           Cross Vermont Trail--Old Country Club Road         https://ebird.org/hotspot/L11796425 
2022-10-18           Gateway Park / Peace Park                          https://ebird.org/hotspot/L13133138 
2022-10-18           Dog River Field                                    https://ebird.org/hotspot/L4250472 
2022-10-17           North Branch River Park                            https://ebird.org/hotspot/L7741672 
2022-10-17           North Branch Nature Center                         https://ebird.org/hotspot/L166319 

Was Berlin Pond birded this week, this year: No.

Done! Email sent!

These hotspots have not been birded on this date:
Last        Week     Hotspot                                           
------------------------------------------------------------------------
2022-10-19           Blanchard Park                                     https://ebird.org/hotspot/L11103389 
2022-10-16           Confluence River Park                              https://ebird.org/hotspot/L17342022 
2022-10-16           Turntable Park                                     https://ebird.org/hotspot/L15201552 
2022-10-16           Main Street Middle School (Restricted Access)      https://ebird.org/hotspot/L7487086 
2022-10-16           Harrison Preserve                                  https://ebird.org/hotspot/L20572533 
2022-10-16           Vermont State House                                https://ebird.org/hotspot/L8334934 
2022-10-18           Summer Street Park                                 https://ebird.org/hotspot/L14912629 
2022-10-16           St. Augustine Cemetery                             https://ebird.org/hotspot/L8421518 
2022-10-17           Hubbard Park                                       https://ebird.org/hotspot/L165280 
2022-10-16           Mill Pond Park                                     https://ebird.org/hotspot/L11612941 
2022-10-19           Sabin's Pasture                                    https://ebird.org/hotspot/L10127351 
2022-10-19           Cross Vermont Trail--Old Country Club Road         https://ebird.org/hotspot/L11796425 
2022-10-18           Gateway Park / Peace Park                          https://ebird.org/hotspot/L13133138 
2022-10-18           Dog River Field                                    https://ebird.org/hotspot/L4250472 
2022-10-17           North Branch River Park                            https://ebird.org/hotspot/L7741672 
2022-10-20           North Branch Nature Center                         https://ebird.org/hotspot/L166319 

Was Berlin Pond birded this week, this year: Yes.

Done! Email sent!

These hotspots have not had a complete checklist submitted on this date:
Last        Cover    Hotspot (Coverage)                                
------------------------------------------------------------------------
2022-10-21           Blanchard Park (100%)                      https://ebird.org/hotspot/L11103389 
2022-10-16           Confluence River Park (19%)                https://ebird.org/hotspot/L17342022 
2022-10-16           Turntable Park (48%)                       https://ebird.org/hotspot/L15201552 
2022-10-16           Main Street Middle School (56%)            https://ebird.org/hotspot/L7487086 
2022-10-16           Harrison Preserve (2%)                     https://ebird.org/hotspot/L20572533 
2022-10-16           Vermont State House (67%)                  https://ebird.org/hotspot/L8334934 
2022-10-18           Summer Street Park (50%)                   https://ebird.org/hotspot/L14912629 
2022-10-16           St. Augustine Cemetery (50%)               https://ebird.org/hotspot/L8421518 
2022-10-17           Hubbard Park (100%)                        https://ebird.org/hotspot/L165280 
2022-10-16           Mill Pond Park (100%)                      https://ebird.org/hotspot/L11612941 
2022-10-19           Sabin's Pasture (54%)                      https://ebird.org/hotspot/L10127351 
2022-10-19           Old Country Club Road (38%)                https://ebird.org/hotspot/L11796425 
2022-10-18           Gateway Park / Peace Park (31%)            https://ebird.org/hotspot/L13133138 
2022-10-18           Dog River Field (42%)                      https://ebird.org/hotspot/L4250472 
2022-10-21           North Branch River Park (65%)              https://ebird.org/hotspot/L7741672 
2022-10-20           North Branch Nature Center (100%)          https://ebird.org/hotspot/L166319 
2022-09-25  No data  Sparrow Farm Rd. Trail (69%)               https://ebird.org/hotspot/L1173179 
2022-10-20           Wrightsville Reservoir (73%)               https://ebird.org/hotspot/L752250 
2022-07-16           Berlin (E.F. Knapp State) Airport (96%)    https://ebird.org/hotspot/L199991 
2020-05-07  No data  Middlesex WMA (13%)                        https://ebird.org/hotspot/L1934792 
2022-06-19           Irish Hill Trails (27%)                    https://ebird.org/hotspot/L11381028 
2021-04-10  No data  Horn of the Moon Pond (15%)                https://ebird.org/hotspot/L751980 
2021-04-25  No data  Nelson Pond (17%)                          https://ebird.org/hotspot/L752106 
2022-10-21           Berlin Pond IBA (100%)                     https://ebird.org/hotspot/L150998 
2022-10-19           River Road, Southeast of Route 100B (56%)  https://ebird.org/hotspot/L1167673 
2022-07-03  No data  Cow Pasture (35%)                          https://ebird.org/hotspot/L1189445 
2022-10-18           Enchanted Isle (35%)                       https://ebird.org/hotspot/L12271867 
2022-07-23  No data  East Montpelier Trails (17%)               https://ebird.org/hotspot/L10481959 
2022-10-02           Sodom Pond (90%)                           https://ebird.org/hotspot/L752175 

Was Berlin Pond birded this week, this year: Yes.

Done! Email sent!

These hotspots have not had a complete checklist submitted on this date:
Last        Cover    Hotspot (Coverage)                                
------------------------------------------------------------------------
2022-10-21           Blanchard Park (100%)                      https://ebird.org/hotspot/L11103389 
2022-10-16  No data  Confluence River Park (19%)                https://ebird.org/hotspot/L17342022 
2022-10-16  No data  Turntable Park (48%)                       https://ebird.org/hotspot/L15201552 
2022-10-16           Main Street Middle School (56%)            https://ebird.org/hotspot/L7487086 
2022-10-16  No data  Harrison Preserve (2%)                     https://ebird.org/hotspot/L20572533 
2022-10-16  No data  Vermont State House (67%)                  https://ebird.org/hotspot/L8334934 
2022-10-18  No data  Summer Street Park (50%)                   https://ebird.org/hotspot/L14912629 
2022-10-16           St. Augustine Cemetery (50%)               https://ebird.org/hotspot/L8421518 
2022-10-17           Hubbard Park (100%)                        https://ebird.org/hotspot/L165280 
2022-10-16           Mill Pond Park (100%)                      https://ebird.org/hotspot/L11612941 
2022-10-19           Sabin's Pasture (54%)                      https://ebird.org/hotspot/L10127351 
2022-10-19  No data  Old Country Club Road (38%)                https://ebird.org/hotspot/L11796425 
2022-10-18  No data  Gateway Park / Peace Park (31%)            https://ebird.org/hotspot/L13133138 
2022-10-18  No data  Dog River Field (42%)                      https://ebird.org/hotspot/L4250472 
2022-10-21  No data  North Branch River Park (65%)              https://ebird.org/hotspot/L7741672 
2022-10-20           North Branch Nature Center (100%)          https://ebird.org/hotspot/L166319 
2022-09-25  No data  Sparrow Farm Rd. Trail (69%)               https://ebird.org/hotspot/L1173179 
2022-10-20           Wrightsville Reservoir (73%)               https://ebird.org/hotspot/L752250 
2022-10-21  No data  Berlin (E.F. Knapp State) Airport (96%)    https://ebird.org/hotspot/L199991 
2020-05-07  No data  Middlesex WMA (13%)                        https://ebird.org/hotspot/L1934792 
2022-06-19  No data  Irish Hill Trails (27%)                    https://ebird.org/hotspot/L11381028 
2021-04-10  No data  Horn of the Moon Pond (15%)                https://ebird.org/hotspot/L751980 
2021-04-25  No data  Nelson Pond (17%)                          https://ebird.org/hotspot/L752106 
2022-10-21           Berlin Pond IBA (100%)                     https://ebird.org/hotspot/L150998 
2022-10-19           River Road, Southeast of Route 100B (56%)  https://ebird.org/hotspot/L1167673 
2022-07-03  No data  Cow Pasture (35%)                          https://ebird.org/hotspot/L1189445 
2022-10-18  No data  Enchanted Isle (35%)                       https://ebird.org/hotspot/L12271867 
2022-07-23  No data  East Montpelier Trails (17%)               https://ebird.org/hotspot/L10481959 
2022-10-02           Sodom Pond (90%)                           https://ebird.org/hotspot/L752175 

Was Berlin Pond birded this week, this year: No.

Done! Email sent!

These hotspots have not had a complete checklist submitted on this date:
Last        Cover    Hotspot (Coverage)                                
------------------------------------------------------------------------
2022-10-23           Blanchard Park (100%)                      https://ebird.org/hotspot/L11103389 
2022-10-23           Confluence River Park (19%)                https://ebird.org/hotspot/L17342022 
2022-10-16  No data  Turntable Park (48%)                       https://ebird.org/hotspot/L15201552 
2022-10-16           Main Street Middle School (56%)            https://ebird.org/hotspot/L7487086 
2022-10-16  No data  Harrison Preserve (2%)                     https://ebird.org/hotspot/L20572533 
2022-10-16  No data  Vermont State House (67%)                  https://ebird.org/hotspot/L8334934 
2022-10-18  No data  Summer Street Park (50%)                   https://ebird.org/hotspot/L14912629 
2022-10-21           St. Augustine Cemetery (50%)               https://ebird.org/hotspot/L8421518 
2022-10-22           Hubbard Park (100%)                        https://ebird.org/hotspot/L165280 
2022-10-19           Sabin's Pasture (54%)                      https://ebird.org/hotspot/L10127351 
2022-10-19  No data  Old Country Club Road (38%)                https://ebird.org/hotspot/L11796425 
2022-10-18  No data  Gateway Park / Peace Park (31%)            https://ebird.org/hotspot/L13133138 
2022-10-18  No data  Dog River Field (42%)                      https://ebird.org/hotspot/L4250472 
2022-10-21  No data  North Branch River Park (65%)              https://ebird.org/hotspot/L7741672 
2022-10-07  No data  Levesque Power Plant and Siboinebi Path Bridge (2%) https://ebird.org/hotspot/L19506859 
2022-09-25  No data  Sparrow Farm Rd. Trail (69%)               https://ebird.org/hotspot/L1173179 
2022-10-21  No data  Berlin (E.F. Knapp State) Airport (96%)    https://ebird.org/hotspot/L199991 
2020-05-07  No data  Middlesex WMA (13%)                        https://ebird.org/hotspot/L1934792 
2022-06-19  No data  Irish Hill Trails (27%)                    https://ebird.org/hotspot/L11381028 
2021-04-10  No data  Horn of the Moon Pond (15%)                https://ebird.org/hotspot/L751980 
2021-04-25  No data  Nelson Pond (17%)                          https://ebird.org/hotspot/L752106 
2022-10-19           River Road, Southeast of Route 100B (56%)  https://ebird.org/hotspot/L1167673 

Was Berlin Pond birded this week, this year: No.

Done! Email sent!

These hotspots have not had a complete checklist submitted on this date:
Last        Cover    Hotspot (Coverage)                                
------------------------------------------------------------------------
2022-10-24           Blanchard Park (100%)                      https://ebird.org/hotspot/L11103389 
2022-10-23           Confluence River Park (19%)                https://ebird.org/hotspot/L17342022 
2022-10-16  No data  Turntable Park (48%)                       https://ebird.org/hotspot/L15201552 
2022-10-23           Main Street Middle School (54%)            https://ebird.org/hotspot/L7487086 
2022-10-16  No data  Harrison Preserve (2%)                     https://ebird.org/hotspot/L20572533 
2022-10-23           Vermont State House (69%)                  https://ebird.org/hotspot/L8334934 
2022-10-18  No data  Summer Street Park (50%)                   https://ebird.org/hotspot/L14912629 
2022-10-21           St. Augustine Cemetery (50%)               https://ebird.org/hotspot/L8421518 
2022-10-23           Hubbard Park (100%)                        https://ebird.org/hotspot/L165280 
2022-10-16           Mill Pond Park (100%)                      https://ebird.org/hotspot/L11612941 
2022-10-19  No data  Old Country Club Road (38%)                https://ebird.org/hotspot/L11796425 
2022-10-18  No data  Gateway Park / Peace Park (31%)            https://ebird.org/hotspot/L13133138 
2022-10-18  No data  Dog River Field (42%)                      https://ebird.org/hotspot/L4250472 
2022-10-23           North Branch River Park (65%)              https://ebird.org/hotspot/L7741672 
2022-10-07  No data  Levesque Power Plant and Siboinebi Path Bridge (2%) https://ebird.org/hotspot/L19506859 
2022-09-25  No data  Sparrow Farm Rd. Trail (69%)               https://ebird.org/hotspot/L1173179 
2020-05-07  No data  Middlesex WMA (13%)                        https://ebird.org/hotspot/L1934792 
2022-06-19  No data  Irish Hill Trails (27%)                    https://ebird.org/hotspot/L11381028 
2021-04-10  No data  Horn of the Moon Pond (15%)                https://ebird.org/hotspot/L751980 
2021-04-25  No data  Nelson Pond (17%)                          https://ebird.org/hotspot/L752106 
2022-10-19           River Road, Southeast of Route 100B (56%)  https://ebird.org/hotspot/L1167673 

Was Berlin Pond birded this week, this year: No.

Done! Email sent!
